Arguments: 
  C:\Program Files\nodejs\node.exe C:\Program Files (x86)\Yarn\bin\yarn.js

PATH: 
  C:\Program Files\Git\mingw64\bin;C:\Program Files\Git\usr\bin;C:\Users\youssef\bin;C:\Program Files (x86)\Common Files\Oracle\Java\javapath;C:\Python27;C:\Python27\Scripts;C:\Windows\system32;C:\Windows;C:\Windows\System32\Wbem;C:\Windows\System32\WindowsPowerShell\v1.0;C:\Program Files (x86)\NVIDIA Corporation\PhysX\Common;C:\Program Files\Git\cmd;C:\ProgramData\chocolatey\bin;C:\Program Files\Java\jdk1.8.0_221\bin;C:\Program Files (x86)\Yarn\bin;C:\Users\youssef\AppData\Local\Android\Sdk\platform-tools;C:\WINDOWS\system32;C:\WINDOWS;C:\WINDOWS\System32\Wbem;C:\WINDOWS\System32\WindowsPowerShell\v1.0;C:\WINDOWS\System32\OpenSSH;C:\Users\youssef\AppData\Roaming\nvm;C:\Program Files\nodejs;C:\Users\youssef\AppData\Local\Programs\Microsoft VS Code\bin;C:\Users\youssef\AppData\Local\hyper\app-3.0.2\resources\bin;C:\Users\youssef\AppData\Local\Yarn\bin;C:\Users\youssef\AppData\Local\Microsoft\WindowsApps;C:\oc.exe;C:\Program Files\MongoDB\Server\4.2\bin;C:\Users\youssef\AppData\Roaming\npm;C:\Users\youssef\AppData\Roaming\nvm;C:\Program Files\nodejs;~AppData\Local\hyper\app-3.0.2\resources\bin

Yarn version: 
  1.19.0

Node version: 
  12.14.1

Platform: 
  win32 x64

Trace: 
  Error: getaddrinfo ENOTFOUND registry.yarnpkg.com
      at GetAddrInfoReqWrap.onlookup [as oncomplete] (dns.js:60:26)

npm manifest: 
  {
    "main": "node_modules/expo/AppEntry.js",
    "scripts": {
      "start": "expo start",
      "android": "expo start --android",
      "ios": "expo start --ios",
      "web": "expo start --web",
      "eject": "expo eject"
    },
    "dependencies": {
      "expo": "~36.0.0",
      "expo-font": "6.0.1",
      "native-base": "2.13.8",
      "react": "~16.9.0",
      "react-dom": "~16.9.0",
      "react-native": "https://github.com/expo/react-native/archive/sdk-36.0.0.tar.gz",
      "react-native-web": "~0.11.7"
    },
    "devDependencies": {
      "@babel/core": "^7.0.0",
      "babel-preset-expo": "~8.0.0"
    },
    "private": true
  }

yarn manifest: 
  No manifest

Lockfile: 
  No lockfile
